#
# There is insufficient memory for the Java Runtime Environment to continue.
# Native memory allocation (mmap) failed to map 268435456 bytes for G1 virtual space
# Possible reasons:
#   The system is out of physical RAM or swap space
#   The process is running with CompressedOops enabled, and the Java Heap may be blocking the growth of the native heap
# Possible solutions:
#   Reduce memory load on the system
#   Increase physical memory or swap space
#   Check if swap backing store is full
#   Decrease Java heap size (-Xmx/-Xms)
#   Decrease number of Java threads
#   Decrease Java thread stack sizes (-Xss)
#   Set larger code cache with -XX:ReservedCodeCacheSize=
#   JVM is running with Zero Based Compressed Oops mode in which the Java heap is
#     placed in the first 32GB address space. The Java Heap base address is the
#     maximum limit for the native heap growth. Please use -XX:HeapBaseMinAddress
#     to set the Java Heap base and to place the Java Heap above 32GB virtual address.
# This output file may be truncated or incomplete.
#
#  Out of Memory Error (os_windows.cpp:3466), pid=21768, tid=27024
#
# JRE version:  (16.0.1+9) (build )
# Java VM: Java HotSpot(TM) 64-Bit Server VM (16.0.1+9-24, mixed mode, sharing, tiered, compressed oops, compressed class ptrs, g1 gc, windows-amd64)
# No core dump will be written. Minidumps are not enabled by default on client versions of Windows
#

---------------  S U M M A R Y ------------

Command Line: -XX:+ShowCodeDetailsInExceptionMessages com.elib.reviews.ReviewsApplication

Host: Intel(R) Core(TM) i7-9750H CPU @ 2.60GHz, 12 cores, 15G,  Windows 10 , 64 bit Build 22000 (10.0.22000.318)
Time: Wed Dec 22 00:49:23 2021 India Standard Time elapsed time: 0.364501 seconds (0d 0h 0m 0s)

---------------  T H R E A D  ---------------

Current thread (0x000001ed1949c160):  JavaThread "Unknown thread" [_thread_in_vm, id=27024, stack(0x0000002f00600000,0x0000002f00700000)]

Stack: [0x0000002f00600000,0x0000002f00700000]
Native frames: (J=compiled Java code, j=interpreted, Vv=VM code, C=native code)
V  [jvm.dll+0x6687ca]
V  [jvm.dll+0x7ca3c9]
V  [jvm.dll+0x7cbb53]
V  [jvm.dll+0x7cc1b3]
V  [jvm.dll+0x242ea5]
V  [jvm.dll+0x665589]
V  [jvm.dll+0x65a175]
V  [jvm.dll+0x2fc5ab]
V  [jvm.dll+0x3037a6]
V  [jvm.dll+0x352fee]
V  [jvm.dll+0x35321f]
V  [jvm.dll+0x2d3618]
V  [jvm.dll+0x2d4854]
V  [jvm.dll+0x79ccb1]
V  [jvm.dll+0x360de1]
V  [jvm.dll+0x77a990]
V  [jvm.dll+0x3e55af]
V  [jvm.dll+0x3e7081]
C  [jli.dll+0x52fb]
C  [ucrtbase.dll+0x26c0c]
C  [KERNEL32.DLL+0x154e0]
C  [ntdll.dll+0x485b]


---------------  P R O C E S S  ---------------

Threads class SMR info:
_java_thread_list=0x00007ffbc076cbb8, length=0, elements={
}

Java Threads: ( => current thread )

Other Threads:
  0x000001ed194f6c50 GCTaskThread "GC Thread#0" [stack: 0x0000002f00700000,0x0000002f00800000] [id=21892]
  0x000001ed19507c50 ConcurrentGCThread "G1 Main Marker" [stack: 0x0000002f00800000,0x0000002f00900000] [id=25988]
  0x000001ed19508740 ConcurrentGCThread "G1 Conc#0" [stack: 0x0000002f00900000,0x0000002f00a00000] [id=29304]

[error occurred during error reporting (printing all threads), id 0xc0000005, EXCEPTION_ACCESS_VIOLATION (0xc0000005) at pc=0x00007ffbbff444d7]

VM state: not at safepoint (not fully initialized)

VM Mutex/Monitor currently owned by a thread:  ([mutex/lock_event])
[0x000001ed19499390] Heap_lock - owner thread: 0x000001ed1949c160

Heap address: 0x0000000701400000, size: 4076 MB, Compressed Oops mode: Zero based, Oop shift amount: 3

CDS archive(s) mapped at: [0x0000000000000000-0x0000000000000000-0x0000000000000000), size 0, SharedBaseAddress: 0x0000000800000000, ArchiveRelocationMode: 0.
Narrow klass base: 0x0000000000000000, Narrow klass shift: 0, Narrow klass range: 0x0

GC Precious Log:
<Empty>

Heap:
 garbage-first heap   total 0K, used 0K [0x0000000701400000, 0x0000000800000000)
  region size 2048K, 0 young (0K), 0 survivors (0K)

[error occurred during error reporting (printing heap information), id 0xc0000005, EXCEPTION_ACCESS_VIOLATION (0xc0000005) at pc=0x00007ffbc03224ed]

GC Heap History (0 events):
No events

Deoptimization events (0 events):
No events

Classes unloaded (0 events):
No events

Classes redefined (0 events):
No events

Internal exceptions (0 events):
No events

Events (1 events):
Event: 0.006 Loaded shared library C:\Program Files\Java\jdk-16.0.1\bin\java.dll


Dynamic libraries:
0x00007ff6c54a0000 - 0x00007ff6c54b0000 	C:\Program Files\Java\jdk-16.0.1\bin\java.exe
0x00007ffc48c40000 - 0x00007ffc48e47000 	C:\WINDOWS\SYSTEM32\ntdll.dll
0x00007ffc482b0000 - 0x00007ffc4836d000 	C:\WINDOWS\System32\KERNEL32.DLL
0x00007ffc46330000 - 0x00007ffc466a4000 	C:\WINDOWS\System32\KERNELBASE.dll
0x00007ffc46770000 - 0x00007ffc46881000 	C:\WINDOWS\System32\ucrtbase.dll
0x00007ffc1dd20000 - 0x00007ffc1dd38000 	C:\Program Files\Java\jdk-16.0.1\bin\jli.dll
0x00007ffc1dc50000 - 0x00007ffc1dc69000 	C:\Program Files\Java\jdk-16.0.1\bin\VCRUNTIME140.dll
0x00007ffc46cb0000 - 0x00007ffc46d5c000 	C:\WINDOWS\System32\ADVAPI32.dll
0x00007ffc48ab0000 - 0x00007ffc48b53000 	C:\WINDOWS\System32\msvcrt.dll
0x00007ffc46c10000 - 0x00007ffc46cad000 	C:\WINDOWS\System32\sechost.dll
0x00007ffc46ae0000 - 0x00007ffc46c01000 	C:\WINDOWS\System32\RPCRT4.dll
0x00007ffc48420000 - 0x00007ffc485cc000 	C:\WINDOWS\System32\USER32.dll
0x00007ffc46910000 - 0x00007ffc46936000 	C:\WINDOWS\System32\win32u.dll
0x00007ffc48b70000 - 0x00007ffc48b99000 	C:\WINDOWS\System32\GDI32.dll
0x00007ffc26af0000 - 0x00007ffc26d95000 	C:\WINDOWS\WinSxS\amd64_microsoft.windows.common-controls_6595b64144ccf1df_6.0.22000.120_none_9d947278b86cc467\COMCTL32.dll
0x00007ffc46940000 - 0x00007ffc46a52000 	C:\WINDOWS\System32\gdi32full.dll
0x00007ffc46290000 - 0x00007ffc4632d000 	C:\WINDOWS\System32\msvcp_win.dll
0x00007ffc40200000 - 0x00007ffc4020a000 	C:\WINDOWS\SYSTEM32\VERSION.dll
0x00007ffc48140000 - 0x00007ffc48171000 	C:\WINDOWS\System32\IMM32.DLL
0x00007ffc35ba0000 - 0x00007ffc35bac000 	C:\Program Files\Java\jdk-16.0.1\bin\vcruntime140_1.dll
0x00007ffbed600000 - 0x00007ffbed691000 	C:\Program Files\Java\jdk-16.0.1\bin\msvcp140.dll
0x00007ffbbfc60000 - 0x00007ffbc080b000 	C:\Program Files\Java\jdk-16.0.1\bin\server\jvm.dll
0x00007ffc46ad0000 - 0x00007ffc46ad8000 	C:\WINDOWS\System32\PSAPI.DLL
0x00007ffc40290000 - 0x00007ffc40299000 	C:\WINDOWS\SYSTEM32\WSOCK32.dll
0x00007ffc40230000 - 0x00007ffc40263000 	C:\WINDOWS\SYSTEM32\WINMM.dll
0x00007ffc48860000 - 0x00007ffc488cf000 	C:\WINDOWS\System32\WS2_32.dll
0x00007ffc452f0000 - 0x00007ffc45308000 	C:\WINDOWS\SYSTEM32\kernel.appcore.dll
0x00007ffc35b80000 - 0x00007ffc35b8a000 	C:\Program Files\Java\jdk-16.0.1\bin\jimage.dll
0x00007ffc43c40000 - 0x00007ffc43e61000 	C:\WINDOWS\SYSTEM32\DBGHELP.DLL
0x00007ffc2f2d0000 - 0x00007ffc2f301000 	C:\WINDOWS\SYSTEM32\dbgcore.DLL
0x00007ffc46890000 - 0x00007ffc4690f000 	C:\WINDOWS\System32\bcryptPrimitives.dll
0x00007ffc1b9b0000 - 0x00007ffc1b9d5000 	C:\Program Files\Java\jdk-16.0.1\bin\java.dll

dbghelp: loaded successfully - version: 4.0.5 - missing functions: none
symbol engine: initialized successfully - sym options: 0x614 - pdb path: .;C:\Program Files\Java\jdk-16.0.1\bin;C:\WINDOWS\SYSTEM32;C:\WINDOWS\WinSxS\amd64_microsoft.windows.common-controls_6595b64144ccf1df_6.0.22000.120_none_9d947278b86cc467;C:\Program Files\Java\jdk-16.0.1\bin\server

VM Arguments:
jvm_args: -XX:+ShowCodeDetailsInExceptionMessages 
java_command: com.elib.reviews.ReviewsApplication
java_class_path (initial): D:\OneDrive\Desktop\reviews\target\classes;C:\Users\navni\.m2\repository\org\springframework\boot\spring-boot-starter-data-mongodb\2.5.8-SNAPSHOT\spring-boot-starter-data-mongodb-2.5.8-SNAPSHOT.jar;C:\Users\navni\.m2\repository\org\springframework\boot\spring-boot-starter\2.5.8-SNAPSHOT\spring-boot-starter-2.5.8-SNAPSHOT.jar;C:\Users\navni\.m2\repository\org\springframework\boot\spring-boot-starter-logging\2.5.8-SNAPSHOT\spring-boot-starter-logging-2.5.8-SNAPSHOT.jar;C:\Users\navni\.m2\repository\ch\qos\logback\logback-classic\1.2.7\logback-classic-1.2.7.jar;C:\Users\navni\.m2\repository\ch\qos\logback\logback-core\1.2.7\logback-core-1.2.7.jar;C:\Users\navni\.m2\repository\org\apache\logging\log4j\log4j-to-slf4j\2.14.1\log4j-to-slf4j-2.14.1.jar;C:\Users\navni\.m2\repository\org\apache\logging\log4j\log4j-api\2.14.1\log4j-api-2.14.1.jar;C:\Users\navni\.m2\repository\org\slf4j\jul-to-slf4j\1.7.32\jul-to-slf4j-1.7.32.jar;C:\Users\navni\.m2\repository\jakarta\annotation\jakarta.annotation-api\1.3.5\jakarta.annotation-api-1.3.5.jar;C:\Users\navni\.m2\repository\org\yaml\snakeyaml\1.28\snakeyaml-1.28.jar;C:\Users\navni\.m2\repository\org\mongodb\mongodb-driver-sync\4.2.3\mongodb-driver-sync-4.2.3.jar;C:\Users\navni\.m2\repository\org\mongodb\bson\4.2.3\bson-4.2.3.jar;C:\Users\navni\.m2\repository\org\mongodb\mongodb-driver-core\4.2.3\mongodb-driver-core-4.2.3.jar;C:\Users\navni\.m2\repository\org\springframework\data\spring-data-mongodb\3.2.7\spring-data-mongodb-3.2.7.jar;C:\Users\navni\.m2\repository\org\springframework\spring-tx\5.3.14-SNAPSHOT\spring-tx-5.3.14-SNAPSHOT.jar;C:\Users\navni\.m2\repository\org\springframework\spring-context\5.3.14-SNAPSHOT\spring-context-5.3.14-SNAPSHOT.jar;C:\Users\navni\.m2\repository\org\springframework\spring-beans\5.3.14-SNAPSHOT\spring-beans-5.3.14-SNAPSHOT.jar;C:\Users\navni\.m2\repository\org\springframework\spring-expression\5.3.14-SNAPSHOT\spring-expression-5.3.14-SNAPSHOT.jar;C:\Users\navni\.m2\repos
Launcher Type: SUN_STANDARD

[Global flags]
     intx CICompilerCount                          = 4                                         {product} {ergonomic}
     uint ConcGCThreads                            = 3                                         {product} {ergonomic}
     uint G1ConcRefinementThreads                  = 10                                        {product} {ergonomic}
   size_t G1HeapRegionSize                         = 2097152                                   {product} {ergonomic}
    uintx GCDrainStackTargetSize                   = 64                                        {product} {ergonomic}
   size_t InitialHeapSize                          = 268435456                                 {product} {ergonomic}
   size_t MarkStackSize                            = 4194304                                   {product} {ergonomic}
   size_t MaxHeapSize                              = 4273995776                                {product} {ergonomic}
   size_t MinHeapDeltaBytes                        = 2097152                                   {product} {ergonomic}
   size_t MinHeapSize                              = 8388608                                   {product} {ergonomic}
    uintx NonNMethodCodeHeapSize                   = 5839372                                {pd product} {ergonomic}
    uintx NonProfiledCodeHeapSize                  = 122909434                              {pd product} {ergonomic}
    uintx ProfiledCodeHeapSize                     = 122909434                              {pd product} {ergonomic}
    uintx ReservedCodeCacheSize                    = 251658240                              {pd product} {ergonomic}
     bool SegmentedCodeCache                       = true                                      {product} {ergonomic}
     bool ShowCodeDetailsInExceptionMessages       = true                                   {manageable} {command line}
   size_t SoftMaxHeapSize                          = 4273995776                             {manageable} {ergonomic}
     bool UseCompressedClassPointers               = true                           {product lp64_product} {ergonomic}
     bool UseCompressedOops                        = true                           {product lp64_product} {ergonomic}
     bool UseG1GC                                  = true                                      {product} {ergonomic}
     bool UseLargePagesIndividualAllocation        = false                                  {pd product} {ergonomic}

Logging:
Log output configuration:
 #0: stdout all=warning uptime,level,tags
 #1: stderr all=off uptime,level,tags

Environment Variables:
JAVA_HOME=C:\Program Files\Java\jdk-16.0.1
PATH=C:\Program Files (x86)\Common Files\Oracle\Java\javapath;C:\Program Files\Common Files\Oracle\Java\javapath;C:\Windows\system32;C:\Windows;C:\Windows\System32\Wbem;C:\Windows\System32\WindowsPowerShell\v1.0\;C:\Windows\System32\OpenSSH\;C:\Program Files (x86)\NVIDIA Corporation\PhysX\Common;C:\Program Files\NVIDIA Corporation\NVIDIA NvDLISR;C:\Program Files\Microsoft SQL Server\130\Tools\Binn\;C:\Program Files\Java\jdk-13\bin;D:\MATLAB\runtime\win64;D:\MATLAB\bin;C:\WINDOWS\system32;C:\WINDOWS;C:\WINDOWS\System32\Wbem;C:\WINDOWS\System32\WindowsPowerShell\v1.0\;C:\WINDOWS\System32\OpenSSH\;C:\Program Files\nodejs\;C:\Program Files\CodeBlocks\MinGW\bin;C:\Program Files\PuTTY\;C:\Program Files\Docker\Docker\resources\bin;C:\ProgramData\DockerDesktop\version-bin;C:\Users\navni\AppData\Local\Programs\Python\Python39\Scripts\;C:\Users\navni\AppData\Local\Programs\Python\Python39\;C:\Program Files\MySQL\MySQL Shell 8.0\bin\;C:\Users\navni\AppData\Local\Microsoft\WindowsApps;C:\Program Files\Java\jdk-13\bin;C:\Program Files\CodeBlocks\MinGW\bin;;C:\Users\navni\AppData\Local\Programs\Microsoft VS Code\bin;C:\Users\navni\AppData\Roaming\npm
USERNAME=navnith
LANG=en_US.UTF-8
OS=Windows_NT
PROCESSOR_IDENTIFIER=Intel64 Family 6 Model 158 Stepping 10, GenuineIntel



---------------  S Y S T E M  ---------------

OS:
 Windows 10 , 64 bit Build 22000 (10.0.22000.318)
OS uptime: 0 days 6:13 hours
Hyper-V role detected

CPU: total 12 (initial active 12) (6 cores per cpu, 2 threads per core) family 6 model 158 stepping 10 microcode 0xea, cx8, cmov, fxsr, ht, mmx, 3dnowpref, sse, sse2, sse3, ssse3, sse4.1, sse4.2, popcnt, lzcnt, tsc, tscinvbit, avx, avx2, aes, erms, clmul, bmi1, bmi2, adx, fma, vzeroupper, clflush, clflushopt, hv

Memory: 4k page, system-wide physical 16303M (3049M free)
TotalPageFile size 46668M (AvailPageFile size 218M)
current process WorkingSet (physical memory assigned to process): 10M, peak: 10M
current process commit charge ("private bytes"): 64M, peak: 320M

vm_info: Java HotSpot(TM) 64-Bit Server VM (16.0.1+9-24) for windows-amd64 JRE (16.0.1+9-24), built on Mar 26 2021 19:31:42 by "mach5one" with MS VC++ 16.7 (VS2019)

END.
