#
# There is insufficient memory for the Java Runtime Environment to continue.
# Native memory allocation (malloc) failed to allocate 2210400 bytes for Chunk::new
# Possible reasons:
#   The system is out of physical RAM or swap space
#   The process is running with CompressedOops enabled, and the Java Heap may be blocking the growth of the native heap
# Possible solutions:
#   Reduce memory load on the system
#   Increase physical memory or swap space
#   Check if swap backing store is full
#   Decrease Java heap size (-Xmx/-Xms)
#   Decrease number of Java threads
#   Decrease Java thread stack sizes (-Xss)
#   Set larger code cache with -XX:ReservedCodeCacheSize=
#   JVM is running with Zero Based Compressed Oops mode in which the Java heap is
#     placed in the first 32GB address space. The Java Heap base address is the
#     maximum limit for the native heap growth. Please use -XX:HeapBaseMinAddress
#     to set the Java Heap base and to place the Java Heap above 32GB virtual address.
# This output file may be truncated or incomplete.
#
#  Out of Memory Error (arena.cpp:195), pid=10740, tid=31296
#
# JRE version: Java(TM) SE Runtime Environment (16.0.1+9) (build 16.0.1+9-24)
# Java VM: Java HotSpot(TM) 64-Bit Server VM (16.0.1+9-24, mixed mode, sharing, tiered, compressed oops, compressed class ptrs, g1 gc, windows-amd64)
# No core dump will be written. Minidumps are not enabled by default on client versions of Windows
#

---------------  S U M M A R Y ------------

Command Line: -XX:+ShowCodeDetailsInExceptionMessages com.elib.reviews.ReviewsApplication

Host: Intel(R) Core(TM) i7-9750H CPU @ 2.60GHz, 12 cores, 15G,  Windows 10 , 64 bit Build 22000 (10.0.22000.318)
Time: Wed Dec 22 00:49:31 2021 India Standard Time elapsed time: 1.688818 seconds (0d 0h 0m 1s)

---------------  T H R E A D  ---------------

Current thread (0x000001d22b54ed80):  JavaThread "C2 CompilerThread0" daemon [_thread_in_native, id=31296, stack(0x00000050b4200000,0x00000050b4300000)]


Current CompileTask:
C2:   1688 2570       4       java.lang.invoke.MethodType::makeImpl (108 bytes)

Stack: [0x00000050b4200000,0x00000050b4300000]
Native frames: (J=compiled Java code, j=interpreted, Vv=VM code, C=native code)
V  [jvm.dll+0x6687ca]
V  [jvm.dll+0x7ca3c9]
V  [jvm.dll+0x7cbb53]
V  [jvm.dll+0x7cc1b3]
V  [jvm.dll+0x242ea5]
V  [jvm.dll+0xadeca]
V  [jvm.dll+0xae5ac]
V  [jvm.dll+0x35af27]
V  [jvm.dll+0x3253d1]
V  [jvm.dll+0x32487a]
V  [jvm.dll+0x215f3c]
V  [jvm.dll+0x215350]
V  [jvm.dll+0x1a1d9b]
V  [jvm.dll+0x2253a8]
V  [jvm.dll+0x2233ec]
V  [jvm.dll+0x780002]
V  [jvm.dll+0x779b4a]
V  [jvm.dll+0x667666]
C  [ucrtbase.dll+0x26c0c]
C  [KERNEL32.DLL+0x154e0]
C  [ntdll.dll+0x485b]


---------------  P R O C E S S  ---------------

Threads class SMR info:
_java_thread_list=0x000001d22dec8530, length=16, elements={
0x000001d20848bd40, 0x000001d22b534360, 0x000001d22b535220, 0x000001d22b54b630,
0x000001d22b54c030, 0x000001d22b54ca30, 0x000001d22b54e050, 0x000001d22b54ed80,
0x000001d22b550090, 0x000001d22b555120, 0x000001d22c1225e0, 0x000001d22c128020,
0x000001d22c1d32e0, 0x000001d22c885530, 0x000001d22c885a50, 0x000001d22d122180
}

Java Threads: ( => current thread )
  0x000001d20848bd40 JavaThread "main" [_thread_blocked, id=14244, stack(0x00000050b3500000,0x00000050b3600000)]
  0x000001d22b534360 JavaThread "Reference Handler" daemon [_thread_blocked, id=15420, stack(0x00000050b3c00000,0x00000050b3d00000)]
  0x000001d22b535220 JavaThread "Finalizer" daemon [_thread_blocked, id=29608, stack(0x00000050b3d00000,0x00000050b3e00000)]
  0x000001d22b54b630 JavaThread "Signal Dispatcher" daemon [_thread_blocked, id=7472, stack(0x00000050b3e00000,0x00000050b3f00000)]
  0x000001d22b54c030 JavaThread "Attach Listener" daemon [_thread_blocked, id=27240, stack(0x00000050b3f00000,0x00000050b4000000)]
  0x000001d22b54ca30 JavaThread "Service Thread" daemon [_thread_blocked, id=14120, stack(0x00000050b4000000,0x00000050b4100000)]
  0x000001d22b54e050 JavaThread "Monitor Deflation Thread" daemon [_thread_blocked, id=30068, stack(0x00000050b4100000,0x00000050b4200000)]
=>0x000001d22b54ed80 JavaThread "C2 CompilerThread0" daemon [_thread_in_native, id=31296, stack(0x00000050b4200000,0x00000050b4300000)]
  0x000001d22b550090 JavaThread "C1 CompilerThread0" daemon [_thread_blocked, id=28804, stack(0x00000050b4300000,0x00000050b4400000)]
  0x000001d22b555120 JavaThread "Sweeper thread" daemon [_thread_blocked, id=4040, stack(0x00000050b4400000,0x00000050b4500000)]
  0x000001d22c1225e0 JavaThread "Notification Thread" daemon [_thread_blocked, id=22960, stack(0x00000050b4500000,0x00000050b4600000)]
  0x000001d22c128020 JavaThread "Common-Cleaner" daemon [_thread_blocked, id=3056, stack(0x00000050b4700000,0x00000050b4800000)]
  0x000001d22c1d32e0 JavaThread "C2 CompilerThread1" daemon [_thread_in_native, id=18696, stack(0x00000050b4800000,0x00000050b4900000)]
  0x000001d22c885530 JavaThread "Thread-0" [_thread_blocked, id=28440, stack(0x00000050b4900000,0x00000050b4a00000)]
  0x000001d22c885a50 JavaThread "restartedMain" [_thread_in_vm, id=15604, stack(0x00000050b4a00000,0x00000050b4b00000)]
  0x000001d22d122180 JavaThread "C2 CompilerThread2" daemon [_thread_in_native, id=27988, stack(0x00000050b5100000,0x00000050b5200000)]

Other Threads:
  0x000001d22b52f710 VMThread "VM Thread" [stack: 0x00000050b3b00000,0x00000050b3c00000] [id=25116]
  0x000001d22c126f70 WatcherThread [stack: 0x00000050b4600000,0x00000050b4700000] [id=14464]
  0x000001d2084e6b40 GCTaskThread "GC Thread#0" [stack: 0x00000050b3600000,0x00000050b3700000] [id=7032]
  0x000001d22ca042a0 GCTaskThread "GC Thread#1" [stack: 0x00000050b4b00000,0x00000050b4c00000] [id=8860]
  0x000001d22ca20fd0 GCTaskThread "GC Thread#2" [stack: 0x00000050b4c00000,0x00000050b4d00000] [id=11768]
  0x000001d22ca212e0 GCTaskThread "GC Thread#3" [stack: 0x00000050b4d00000,0x00000050b4e00000] [id=22304]
  0x000001d22ca219f0 GCTaskThread "GC Thread#4" [stack: 0x00000050b4e00000,0x00000050b4f00000] [id=8608]
  0x000001d22ca21f10 GCTaskThread "GC Thread#5" [stack: 0x00000050b4f00000,0x00000050b5000000] [id=16812]
  0x000001d22c9bcd80 GCTaskThread "GC Thread#6" [stack: 0x00000050b5000000,0x00000050b5100000] [id=10008]
  0x000001d22d225b40 GCTaskThread "GC Thread#7" [stack: 0x00000050b5200000,0x00000050b5300000] [id=29888]
  0x000001d22cae2650 GCTaskThread "GC Thread#8" [stack: 0x00000050b5300000,0x00000050b5400000] [id=28612]
  0x000001d2084f7b40 ConcurrentGCThread "G1 Main Marker" [stack: 0x00000050b3700000,0x00000050b3800000] [id=19668]
  0x000001d2084f8630 ConcurrentGCThread "G1 Conc#0" [stack: 0x00000050b3800000,0x00000050b3900000] [id=15316]
  0x000001d20855b1a0 ConcurrentGCThread "G1 Refine#0" [stack: 0x00000050b3900000,0x00000050b3a00000] [id=1248]
  0x000001d22b3f24d0 ConcurrentGCThread "G1 Service" [stack: 0x00000050b3a00000,0x00000050b3b00000] [id=27008]

Threads with active compile tasks:
C2 CompilerThread0     1720 2570       4       java.lang.invoke.MethodType::makeImpl (108 bytes)
C1 CompilerThread0     1720 2800       3       java.lang.reflect.Executable::getAnnotation (23 bytes)
C2 CompilerThread1     1721 2756       4       org.springframework.beans.factory.support.AbstractBeanFactory::isFactoryBean (60 bytes)
C2 CompilerThread2     1721 2709       4       org.springframework.beans.factory.support.AbstractBeanFactory::isTypeMatch (607 bytes)

VM state: not at safepoint (normal execution)

VM Mutex/Monitor currently owned by a thread: None

Heap address: 0x0000000701400000, size: 4076 MB, Compressed Oops mode: Zero based, Oop shift amount: 3

CDS archive(s) mapped at: [0x0000000800000000-0x0000000800bb0000-0x0000000800bb0000), size 12255232, SharedBaseAddress: 0x0000000800000000, ArchiveRelocationMode: 0.
Compressed class space mapped at: 0x0000000800c00000-0x0000000840c00000, reserved size: 1073741824
Narrow klass base: 0x0000000800000000, Narrow klass shift: 3, Narrow klass range: 0x100000000

GC Precious Log:
 CPUs: 12 total, 12 available
 Memory: 16303M
 Large Page Support: Disabled
 NUMA Support: Disabled
 Compressed Oops: Enabled (Zero based)
 Heap Region Size: 2M
 Heap Min Capacity: 8M
 Heap Initial Capacity: 256M
 Heap Max Capacity: 4076M
 Pre-touch: Disabled
 Parallel Workers: 10
 Concurrent Workers: 3
 Concurrent Refinement Workers: 10
 Periodic GC: Disabled

Heap:
 garbage-first heap   total 262144K, used 59747K [0x0000000701400000, 0x0000000800000000)
  region size 2048K, 28 young (57344K), 1 survivors (2048K)
 Metaspace       used 20167K, committed 20480K, reserved 1073152K
  class space    used 2490K, committed 2624K, reserved 1048576K

Heap Regions: E=young(eden), S=young(survivor), O=old, HS=humongous(starts), HC=humongous(continues), CS=collection set, F=free, OA=open archive, CA=closed archive, TAMS=top-at-mark-start (previous, next)
|   0|0x0000000701400000, 0x0000000701600000, 0x0000000701600000|100%| O|  |TAMS 0x0000000701400000, 0x0000000701400000| Untracked 
|   1|0x0000000701600000, 0x0000000701800000, 0x0000000701800000|100%| O|  |TAMS 0x0000000701600000, 0x0000000701600000| Untracked 
|   2|0x0000000701800000, 0x0000000701892400, 0x0000000701a00000| 28%| O|  |TAMS 0x0000000701800000, 0x0000000701800000| Untracked 
|   3|0x0000000701a00000, 0x0000000701a00000, 0x0000000701c00000|  0%| F|  |TAMS 0x0000000701a00000, 0x0000000701a00000| Untracked 
|   4|0x0000000701c00000, 0x0000000701c00000, 0x0000000701e00000|  0%| F|  |TAMS 0x0000000701c00000, 0x0000000701c00000| Untracked 
|   5|0x0000000701e00000, 0x0000000701e00000, 0x0000000702000000|  0%| F|  |TAMS 0x0000000701e00000, 0x0000000701e00000| Untracked 
|   6|0x0000000702000000, 0x0000000702000000, 0x0000000702200000|  0%| F|  |TAMS 0x0000000702000000, 0x0000000702000000| Untracked 
|   7|0x0000000702200000, 0x0000000702200000, 0x0000000702400000|  0%| F|  |TAMS 0x0000000702200000, 0x0000000702200000| Untracked 
|   8|0x0000000702400000, 0x0000000702400000, 0x0000000702600000|  0%| F|  |TAMS 0x0000000702400000, 0x0000000702400000| Untracked 
|   9|0x0000000702600000, 0x0000000702600000, 0x0000000702800000|  0%| F|  |TAMS 0x0000000702600000, 0x0000000702600000| Untracked 
|  10|0x0000000702800000, 0x0000000702800000, 0x0000000702a00000|  0%| F|  |TAMS 0x0000000702800000, 0x0000000702800000| Untracked 
|  11|0x0000000702a00000, 0x0000000702a00000, 0x0000000702c00000|  0%| F|  |TAMS 0x0000000702a00000, 0x0000000702a00000| Untracked 
|  12|0x0000000702c00000, 0x0000000702c00000, 0x0000000702e00000|  0%| F|  |TAMS 0x0000000702c00000, 0x0000000702c00000| Untracked 
|  13|0x0000000702e00000, 0x0000000702e00000, 0x0000000703000000|  0%| F|  |TAMS 0x0000000702e00000, 0x0000000702e00000| Untracked 
|  14|0x0000000703000000, 0x0000000703000000, 0x0000000703200000|  0%| F|  |TAMS 0x0000000703000000, 0x0000000703000000| Untracked 
|  15|0x0000000703200000, 0x0000000703200000, 0x0000000703400000|  0%| F|  |TAMS 0x0000000703200000, 0x0000000703200000| Untracked 
|  16|0x0000000703400000, 0x0000000703400000, 0x0000000703600000|  0%| F|  |TAMS 0x0000000703400000, 0x0000000703400000| Untracked 
|  17|0x0000000703600000, 0x0000000703600000, 0x0000000703800000|  0%| F|  |TAMS 0x0000000703600000, 0x0000000703600000| Untracked 
|  18|0x0000000703800000, 0x0000000703800000, 0x0000000703a00000|  0%| F|  |TAMS 0x0000000703800000, 0x0000000703800000| Untracked 
|  19|0x0000000703a00000, 0x0000000703a00000, 0x0000000703c00000|  0%| F|  |TAMS 0x0000000703a00000, 0x0000000703a00000| Untracked 
|  20|0x0000000703c00000, 0x0000000703c00000, 0x0000000703e00000|  0%| F|  |TAMS 0x0000000703c00000, 0x0000000703c00000| Untracked 
|  21|0x0000000703e00000, 0x0000000703e00000, 0x0000000704000000|  0%| F|  |TAMS 0x0000000703e00000, 0x0000000703e00000| Untracked 
|  22|0x0000000704000000, 0x0000000704000000, 0x0000000704200000|  0%| F|  |TAMS 0x0000000704000000, 0x0000000704000000| Untracked 
|  23|0x0000000704200000, 0x0000000704200000, 0x0000000704400000|  0%| F|  |TAMS 0x0000000704200000, 0x0000000704200000| Untracked 
|  24|0x0000000704400000, 0x0000000704400000, 0x0000000704600000|  0%| F|  |TAMS 0x0000000704400000, 0x0000000704400000| Untracked 
|  25|0x0000000704600000, 0x0000000704600000, 0x0000000704800000|  0%| F|  |TAMS 0x0000000704600000, 0x0000000704600000| Untracked 
|  26|0x0000000704800000, 0x0000000704800000, 0x0000000704a00000|  0%| F|  |TAMS 0x0000000704800000, 0x0000000704800000| Untracked 
|  27|0x0000000704a00000, 0x0000000704a00000, 0x0000000704c00000|  0%| F|  |TAMS 0x0000000704a00000, 0x0000000704a00000| Untracked 
|  28|0x0000000704c00000, 0x0000000704c00000, 0x0000000704e00000|  0%| F|  |TAMS 0x0000000704c00000, 0x0000000704c00000| Untracked 
|  29|0x0000000704e00000, 0x0000000704e00000, 0x0000000705000000|  0%| F|  |TAMS 0x0000000704e00000, 0x0000000704e00000| Untracked 
|  30|0x0000000705000000, 0x0000000705000000, 0x0000000705200000|  0%| F|  |TAMS 0x0000000705000000, 0x0000000705000000| Untracked 
|  31|0x0000000705200000, 0x0000000705200000, 0x0000000705400000|  0%| F|  |TAMS 0x0000000705200000, 0x0000000705200000| Untracked 
|  32|0x0000000705400000, 0x0000000705400000, 0x0000000705600000|  0%| F|  |TAMS 0x0000000705400000, 0x0000000705400000| Untracked 
|  33|0x0000000705600000, 0x0000000705600000, 0x0000000705800000|  0%| F|  |TAMS 0x0000000705600000, 0x0000000705600000| Untracked 
|  34|0x0000000705800000, 0x0000000705800000, 0x0000000705a00000|  0%| F|  |TAMS 0x0000000705800000, 0x0000000705800000| Untracked 
|  35|0x0000000705a00000, 0x0000000705a00000, 0x0000000705c00000|  0%| F|  |TAMS 0x0000000705a00000, 0x0000000705a00000| Untracked 
|  36|0x0000000705c00000, 0x0000000705c00000, 0x0000000705e00000|  0%| F|  |TAMS 0x0000000705c00000, 0x0000000705c00000| Untracked 
|  37|0x0000000705e00000, 0x0000000705e00000, 0x0000000706000000|  0%| F|  |TAMS 0x0000000705e00000, 0x0000000705e00000| Untracked 
|  38|0x0000000706000000, 0x0000000706000000, 0x0000000706200000|  0%| F|  |TAMS 0x0000000706000000, 0x0000000706000000| Untracked 
|  39|0x0000000706200000, 0x0000000706200000, 0x0000000706400000|  0%| F|  |TAMS 0x0000000706200000, 0x0000000706200000| Untracked 
|  40|0x0000000706400000, 0x0000000706400000, 0x0000000706600000|  0%| F|  |TAMS 0x0000000706400000, 0x0000000706400000| Untracked 
|  41|0x0000000706600000, 0x0000000706600000, 0x0000000706800000|  0%| F|  |TAMS 0x0000000706600000, 0x0000000706600000| Untracked 
|  42|0x0000000706800000, 0x0000000706800000, 0x0000000706a00000|  0%| F|  |TAMS 0x0000000706800000, 0x0000000706800000| Untracked 
|  43|0x0000000706a00000, 0x0000000706a00000, 0x0000000706c00000|  0%| F|  |TAMS 0x0000000706a00000, 0x0000000706a00000| Untracked 
|  44|0x0000000706c00000, 0x0000000706c00000, 0x0000000706e00000|  0%| F|  |TAMS 0x0000000706c00000, 0x0000000706c00000| Untracked 
|  45|0x0000000706e00000, 0x0000000706e00000, 0x0000000707000000|  0%| F|  |TAMS 0x0000000706e00000, 0x0000000706e00000| Untracked 
|  46|0x0000000707000000, 0x0000000707000000, 0x0000000707200000|  0%| F|  |TAMS 0x0000000707000000, 0x0000000707000000| Untracked 
|  47|0x0000000707200000, 0x0000000707200000, 0x0000000707400000|  0%| F|  |TAMS 0x0000000707200000, 0x0000000707200000| Untracked 
|  48|0x0000000707400000, 0x0000000707400000, 0x0000000707600000|  0%| F|  |TAMS 0x0000000707400000, 0x0000000707400000| Untracked 
|  49|0x0000000707600000, 0x0000000707600000, 0x0000000707800000|  0%| F|  |TAMS 0x0000000707600000, 0x0000000707600000| Untracked 
|  50|0x0000000707800000, 0x0000000707800000, 0x0000000707a00000|  0%| F|  |TAMS 0x0000000707800000, 0x0000000707800000| Untracked 
|  51|0x0000000707a00000, 0x0000000707a00000, 0x0000000707c00000|  0%| F|  |TAMS 0x0000000707a00000, 0x0000000707a00000| Untracked 
|  52|0x0000000707c00000, 0x0000000707c00000, 0x0000000707e00000|  0%| F|  |TAMS 0x0000000707c00000, 0x0000000707c00000| Untracked 
|  53|0x0000000707e00000, 0x0000000707e00000, 0x0000000708000000|  0%| F|  |TAMS 0x0000000707e00000, 0x0000000707e00000| Untracked 
|  54|0x0000000708000000, 0x0000000708000000, 0x0000000708200000|  0%| F|  |TAMS 0x0000000708000000, 0x0000000708000000| Untracked 
|  55|0x0000000708200000, 0x0000000708200000, 0x0000000708400000|  0%| F|  |TAMS 0x0000000708200000, 0x0000000708200000| Untracked 
|  56|0x0000000708400000, 0x0000000708400000, 0x0000000708600000|  0%| F|  |TAMS 0x0000000708400000, 0x0000000708400000| Untracked 
|  57|0x0000000708600000, 0x0000000708600000, 0x0000000708800000|  0%| F|  |TAMS 0x0000000708600000, 0x0000000708600000| Untracked 
|  58|0x0000000708800000, 0x0000000708800000, 0x0000000708a00000|  0%| F|  |TAMS 0x0000000708800000, 0x0000000708800000| Untracked 
|  59|0x0000000708a00000, 0x0000000708a00000, 0x0000000708c00000|  0%| F|  |TAMS 0x0000000708a00000, 0x0000000708a00000| Untracked 
|  60|0x0000000708c00000, 0x0000000708c00000, 0x0000000708e00000|  0%| F|  |TAMS 0x0000000708c00000, 0x0000000708c00000| Untracked 
|  61|0x0000000708e00000, 0x0000000708e00000, 0x0000000709000000|  0%| F|  |TAMS 0x0000000708e00000, 0x0000000708e00000| Untracked 
|  62|0x0000000709000000, 0x0000000709000000, 0x0000000709200000|  0%| F|  |TAMS 0x0000000709000000, 0x0000000709000000| Untracked 
|  63|0x0000000709200000, 0x0000000709200000, 0x0000000709400000|  0%| F|  |TAMS 0x0000000709200000, 0x0000000709200000| Untracked 
|  64|0x0000000709400000, 0x0000000709400000, 0x0000000709600000|  0%| F|  |TAMS 0x0000000709400000, 0x0000000709400000| Untracked 
|  65|0x0000000709600000, 0x0000000709600000, 0x0000000709800000|  0%| F|  |TAMS 0x0000000709600000, 0x0000000709600000| Untracked 
|  66|0x0000000709800000, 0x0000000709800000, 0x0000000709a00000|  0%| F|  |TAMS 0x0000000709800000, 0x0000000709800000| Untracked 
|  67|0x0000000709a00000, 0x0000000709a00000, 0x0000000709c00000|  0%| F|  |TAMS 0x0000000709a00000, 0x0000000709a00000| Untracked 
|  68|0x0000000709c00000, 0x0000000709c00000, 0x0000000709e00000|  0%| F|  |TAMS 0x0000000709c00000, 0x0000000709c00000| Untracked 
|  69|0x0000000709e00000, 0x0000000709e00000, 0x000000070a000000|  0%| F|  |TAMS 0x0000000709e00000, 0x0000000709e00000| Untracked 
|  70|0x000000070a000000, 0x000000070a000000, 0x000000070a200000|  0%| F|  |TAMS 0x000000070a000000, 0x000000070a000000| Untracked 
|  71|0x000000070a200000, 0x000000070a200000, 0x000000070a400000|  0%| F|  |TAMS 0x000000070a200000, 0x000000070a200000| Untracked 
|  72|0x000000070a400000, 0x000000070a400000, 0x000000070a600000|  0%| F|  |TAMS 0x000000070a400000, 0x000000070a400000| Untracked 
|  73|0x000000070a600000, 0x000000070a600000, 0x000000070a800000|  0%| F|  |TAMS 0x000000070a600000, 0x000000070a600000| Untracked 
|  74|0x000000070a800000, 0x000000070a800000, 0x000000070aa00000|  0%| F|  |TAMS 0x000000070a800000, 0x000000070a800000| Untracked 
|  75|0x000000070aa00000, 0x000000070aa00000, 0x000000070ac00000|  0%| F|  |TAMS 0x000000070aa00000, 0x000000070aa00000| Untracked 
|  76|0x000000070ac00000, 0x000000070ac00000, 0x000000070ae00000|  0%| F|  |TAMS 0x000000070ac00000, 0x000000070ac00000| Untracked 
|  77|0x000000070ae00000, 0x000000070ae00000, 0x000000070b000000|  0%| F|  |TAMS 0x000000070ae00000, 0x000000070ae00000| Untracked 
|  78|0x000000070b000000, 0x000000070b000000, 0x000000070b200000|  0%| F|  |TAMS 0x000000070b000000, 0x000000070b000000| Untracked 
|  79|0x000000070b200000, 0x000000070b200000, 0x000000070b400000|  0%| F|  |TAMS 0x000000070b200000, 0x000000070b200000| Untracked 
|  80|0x000000070b400000, 0x000000070b400000, 0x000000070b600000|  0%| F|  |TAMS 0x000000070b400000, 0x000000070b400000| Untracked 
|  81|0x000000070b600000, 0x000000070b600000, 0x000000070b800000|  0%| F|  |TAMS 0x000000070b600000, 0x000000070b600000| Untracked 
|  82|0x000000070b800000, 0x000000070b800000, 0x000000070ba00000|  0%| F|  |TAMS 0x000000070b800000, 0x000000070b800000| Untracked 
|  83|0x000000070ba00000, 0x000000070ba00000, 0x000000070bc00000|  0%| F|  |TAMS 0x000000070ba00000, 0x000000070ba00000| Untracked 
|  84|0x000000070bc00000, 0x000000070bc00000, 0x000000070be00000|  0%| F|  |TAMS 0x000000070bc00000, 0x000000070bc00000| Untracked 
|  85|0x000000070be00000, 0x000000070be00000, 0x000000070c000000|  0%| F|  |TAMS 0x000000070be00000, 0x000000070be00000| Untracked 
|  86|0x000000070c000000, 0x000000070c000000, 0x000000070c200000|  0%| F|  |TAMS 0x000000070c000000, 0x000000070c000000| Untracked 
|  87|0x000000070c200000, 0x000000070c200000, 0x000000070c400000|  0%| F|  |TAMS 0x000000070c200000, 0x000000070c200000| Untracked 
|  88|0x000000070c400000, 0x000000070c400000, 0x000000070c600000|  0%| F|  |TAMS 0x000000070c400000, 0x000000070c400000| Untracked 
|  89|0x000000070c600000, 0x000000070c600000, 0x000000070c800000|  0%| F|  |TAMS 0x000000070c600000, 0x000000070c600000| Untracked 
|  90|0x000000070c800000, 0x000000070c800000, 0x000000070ca00000|  0%| F|  |TAMS 0x000000070c800000, 0x000000070c800000| Untracked 
|  91|0x000000070ca00000, 0x000000070ca00000, 0x000000070cc00000|  0%| F|  |TAMS 0x000000070ca00000, 0x000000070ca00000| Untracked 
|  92|0x000000070cc00000, 0x000000070cc00000, 0x000000070ce00000|  0%| F|  |TAMS 0x000000070cc00000, 0x000000070cc00000| Untracked 
|  93|0x000000070ce00000, 0x000000070ce00000, 0x000000070d000000|  0%| F|  |TAMS 0x000000070ce00000, 0x000000070ce00000| Untracked 
|  94|0x000000070d000000, 0x000000070d000000, 0x000000070d200000|  0%| F|  |TAMS 0x000000070d000000, 0x000000070d000000| Untracked 
|  95|0x000000070d200000, 0x000000070d200000, 0x000000070d400000|  0%| F|  |TAMS 0x000000070d200000, 0x000000070d200000| Untracked 
|  96|0x000000070d400000, 0x000000070d400000, 0x000000070d600000|  0%| F|  |TAMS 0x000000070d400000, 0x000000070d400000| Untracked 
|  97|0x000000070d600000, 0x000000070d600000, 0x000000070d800000|  0%| F|  |TAMS 0x000000070d600000, 0x000000070d600000| Untracked 
|  98|0x000000070d800000, 0x000000070d800000, 0x000000070da00000|  0%| F|  |TAMS 0x000000070d800000, 0x000000070d800000| Untracked 
|  99|0x000000070da00000, 0x000000070da00000, 0x000000070dc00000|  0%| F|  |TAMS 0x000000070da00000, 0x000000070da00000| Untracked 
| 100|0x000000070dc00000, 0x000000070dd00800, 0x000000070de00000| 50%| E|  |TAMS 0x000000070dc00000, 0x000000070dc00000| Complete 
| 101|0x000000070de00000, 0x000000070e000000, 0x000000070e000000|100%| E|CS|TAMS 0x000000070de00000, 0x000000070de00000| Complete 
| 102|0x000000070e000000, 0x000000070e200000, 0x000000070e200000|100%| E|CS|TAMS 0x000000070e000000, 0x000000070e000000| Complete 
| 103|0x000000070e200000, 0x000000070e400000, 0x000000070e400000|100%| E|CS|TAMS 0x000000070e200000, 0x000000070e200000| Complete 
| 104|0x000000070e400000, 0x000000070e600000, 0x000000070e600000|100%| E|CS|TAMS 0x000000070e400000, 0x000000070e400000| Complete 
| 105|0x000000070e600000, 0x000000070e800000, 0x000000070e800000|100%| E|CS|TAMS 0x000000070e600000, 0x000000070e600000| Complete 
| 106|0x000000070e800000, 0x000000070ea00000, 0x000000070ea00000|100%| E|CS|TAMS 0x000000070e800000, 0x000000070e800000| Complete 
| 107|0x000000070ea00000, 0x000000070ec00000, 0x000000070ec00000|100%| E|CS|TAMS 0x000000070ea00000, 0x000000070ea00000| Complete 
| 108|0x000000070ec00000, 0x000000070ee00000, 0x000000070ee00000|100%| E|CS|TAMS 0x000000070ec00000, 0x000000070ec00000| Complete 
| 109|0x000000070ee00000, 0x000000070f000000, 0x000000070f000000|100%| E|CS|TAMS 0x000000070ee00000, 0x000000070ee00000| Complete 
| 110|0x000000070f000000, 0x000000070f200000, 0x000000070f200000|100%| E|CS|TAMS 0x000000070f000000, 0x000000070f000000| Complete 
| 111|0x000000070f200000, 0x000000070f400000, 0x000000070f400000|100%| E|CS|TAMS 0x000000070f200000, 0x000000070f200000| Complete 
| 112|0x000000070f400000, 0x000000070f600000, 0x000000070f600000|100%| E|CS|TAMS 0x000000070f400000, 0x000000070f400000| Complete 
| 113|0x000000070f600000, 0x000000070f7c6940, 0x000000070f800000| 88%| S|CS|TAMS 0x000000070f600000, 0x000000070f600000| Complete 
| 114|0x000000070f800000, 0x000000070fa00000, 0x000000070fa00000|100%| E|CS|TAMS 0x000000070f800000, 0x000000070f800000| Complete 
| 115|0x000000070fa00000, 0x000000070fc00000, 0x000000070fc00000|100%| E|CS|TAMS 0x000000070fa00000, 0x000000070fa00000| Complete 
| 116|0x000000070fc00000, 0x000000070fe00000, 0x000000070fe00000|100%| E|CS|TAMS 0x000000070fc00000, 0x000000070fc00000| Complete 
| 117|0x000000070fe00000, 0x0000000710000000, 0x0000000710000000|100%| E|CS|TAMS 0x000000070fe00000, 0x000000070fe00000| Complete 
| 118|0x0000000710000000, 0x0000000710200000, 0x0000000710200000|100%| E|CS|TAMS 0x0000000710000000, 0x0000000710000000| Complete 
| 119|0x0000000710200000, 0x0000000710400000, 0x0000000710400000|100%| E|CS|TAMS 0x0000000710200000, 0x0000000710200000| Complete 
| 120|0x0000000710400000, 0x0000000710600000, 0x0000000710600000|100%| E|CS|TAMS 0x0000000710400000, 0x0000000710400000| Complete 
| 121|0x0000000710600000, 0x0000000710800000, 0x0000000710800000|100%| E|CS|TAMS 0x0000000710600000, 0x0000000710600000| Complete 
| 122|0x0000000710800000, 0x0000000710a00000, 0x0000000710a00000|100%| E|CS|TAMS 0x0000000710800000, 0x0000000710800000| Complete 
| 123|0x0000000710a00000, 0x0000000710c00000, 0x0000000710c00000|100%| E|CS|TAMS 0x0000000710a00000, 0x0000000710a00000| Complete 
| 124|0x0000000710c00000, 0x0000000710e00000, 0x0000000710e00000|100%| E|CS|TAMS 0x0000000710c00000, 0x0000000710c00000| Complete 
| 125|0x0000000710e00000, 0x0000000711000000, 0x0000000711000000|100%| E|CS|TAMS 0x0000000710e00000, 0x0000000710e00000| Complete 
| 126|0x0000000711000000, 0x0000000711200000, 0x0000000711200000|100%| E|CS|TAMS 0x0000000711000000, 0x0000000711000000| Complete 
| 127|0x0000000711200000, 0x0000000711400000, 0x0000000711400000|100%| E|CS|TAMS 0x0000000711200000, 0x0000000711200000| Complete 

Card table byte_map: [0x000001d21f960000,0x000001d220160000] _byte_map_base: 0x000001d21c156000

Marking Bits (Prev, Next): (CMBitMap*) 0x000001d2084e7230, (CMBitMap*) 0x000001d2084e7270
 Prev Bits: [0x000001d220960000, 0x000001d224910000)
 Next Bits: [0x000001d224910000, 0x000001d2288c0000)

Polling page: 0x000001d206440000

Metaspace:

Usage:
  Non-class:     17.27 MB used.
      Class:      2.44 MB used.
       Both:     19.71 MB used.

Virtual space:
  Non-class space:       24.00 MB reserved,      17.44 MB ( 73%) committed,  3 nodes.
      Class space:        1.00 GB reserved,       2.56 MB ( <1%) committed,  1 nodes.
              Both:        1.02 GB reserved,      20.00 MB (  2%) committed. 

Chunk freelists:
   Non-Class:  2.16 MB
       Class:  1.42 MB
        Both:  3.58 MB

MaxMetaspaceSize: 17179869184.00 GB
CompressedClassSpaceSize: 1.00 GB
 - commit_granule_bytes: 65536.
 - commit_granule_words: 8192.
 - virtual_space_node_default_size: 1048576.
 - enlarge_chunks_in_place: 1.
 - new_chunks_are_fully_committed: 0.
 - uncommit_free_chunks: 1.
 - use_allocation_guard: 0.
 - handle_deallocations: 1.


Internal statistics:

num_allocs_failed_limit: 0.
num_arena_births: 262.
num_arena_deaths: 0.
num_vsnodes_births: 4.
num_vsnodes_deaths: 0.
num_space_committed: 320.
num_space_uncommitted: 0.
num_chunks_returned_to_freelist: 0.
num_chunks_taken_from_freelist: 984.
num_chunk_merges: 0.
num_chunk_splits: 653.
num_chunks_enlarged: 489.
num_purges: 0.

CodeHeap 'non-profiled nmethods': size=120000Kb used=1262Kb max_used=1262Kb free=118737Kb
 bounds [0x000001d2176e0000, 0x000001d217950000, 0x000001d21ec10000]
CodeHeap 'profiled nmethods': size=120000Kb used=5755Kb max_used=5755Kb free=114244Kb
 bounds [0x000001d2101b0000, 0x000001d210750000, 0x000001d2176e0000]
CodeHeap 'non-nmethods': size=5760Kb used=1238Kb max_used=1281Kb free=4521Kb
 bounds [0x000001d20fc10000, 0x000001d20fe80000, 0x000001d2101b0000]
 total_blobs=3302 nmethods=2800 adapters=412
 compilation: enabled
              stopped_count=0, restarted_count=0
 full_count=0

Compilation events (20 events):
Event: 1.676 Thread 0x000001d22b550090 nmethod 2746 0x000001d21072aa10 code [0x000001d21072abc0, 0x000001d21072aea8]
Event: 1.676 Thread 0x000001d22b550090 2748       3       org.springframework.util.PropertyPlaceholderHelper::parseStringValue (423 bytes)
Event: 1.679 Thread 0x000001d22b550090 nmethod 2748 0x000001d21072af90 code [0x000001d21072b640, 0x000001d21072e708]
Event: 1.679 Thread 0x000001d22b550090 2749       3       org.springframework.core.env.AbstractPropertyResolver::doResolvePlaceholders (12 bytes)
Event: 1.680 Thread 0x000001d22b550090 nmethod 2749 0x000001d21072fc10 code [0x000001d21072fe40, 0x000001d210730688]
Event: 1.680 Thread 0x000001d22b550090 2750       3       org.springframework.core.env.AbstractPropertyResolver$$Lambda$299/0x0000000800ddee68::<init> (10 bytes)
Event: 1.680 Thread 0x000001d22b550090 nmethod 2750 0x000001d210730990 code [0x000001d210730b40, 0x000001d210730cf8]
Event: 1.680 Thread 0x000001d22b550090 2751       3       org.springframework.util.PropertyPlaceholderHelper::replacePlaceholders (14 bytes)
Event: 1.680 Thread 0x000001d22b550090 nmethod 2751 0x000001d210730d90 code [0x000001d210730f60, 0x000001d210731238]
Event: 1.680 Thread 0x000001d22b550090 2752       3       org.springframework.core.env.AbstractPropertyResolver::resolveRequiredPlaceholders (26 bytes)
Event: 1.681 Thread 0x000001d22b550090 nmethod 2752 0x000001d210731390 code [0x000001d2107315e0, 0x000001d210731f98]
Event: 1.681 Thread 0x000001d22b550090 2747       3       org.springframework.beans.factory.support.AbstractBeanDefinition::hasConstructorArgumentValues (23 bytes)
Event: 1.681 Thread 0x000001d22b550090 nmethod 2747 0x000001d210732310 code [0x000001d2107324e0, 0x000001d210732938]
Event: 1.681 Thread 0x000001d22b550090 2753       3       java.net.URLClassLoader$1::<init> (15 bytes)
Event: 1.681 Thread 0x000001d22b550090 nmethod 2753 0x000001d210732a90 code [0x000001d210732c40, 0x000001d210732e78]
Event: 1.681 Thread 0x000001d22b550090 2754       3       java.net.URLClassLoader$1::run (5 bytes)
Event: 1.681 Thread 0x000001d22b550090 nmethod 2754 0x000001d210732f10 code [0x000001d2107330c0, 0x000001d210733208]
Event: 1.681 Thread 0x000001d22b550090 2755   !   3       java.net.URLClassLoader$1::run (63 bytes)
Event: 1.682 Thread 0x000001d22c1d32e0 2756       4       org.springframework.beans.factory.support.AbstractBeanFactory::isFactoryBean (60 bytes)
Event: 1.682 Thread 0x000001d22b550090 nmethod 2755 0x000001d210733290 code [0x000001d210733600, 0x000001d210734968]

GC Heap History (4 events):
Event: 0.470 GC heap before
{Heap before GC invocations=0 (full 0):
 garbage-first heap   total 262144K, used 22528K [0x0000000701400000, 0x0000000800000000)
  region size 2048K, 11 young (22528K), 0 survivors (0K)
 Metaspace       used 5231K, committed 5376K, reserved 1056768K
  class space    used 585K, committed 640K, reserved 1048576K
}
Event: 0.474 GC heap after
{Heap after GC invocations=1 (full 0):
 garbage-first heap   total 262144K, used 4733K [0x0000000701400000, 0x0000000800000000)
  region size 2048K, 2 young (4096K), 2 survivors (4096K)
 Metaspace       used 5231K, committed 5376K, reserved 1056768K
  class space    used 585K, committed 640K, reserved 1048576K
}
Event: 0.842 GC heap before
{Heap before GC invocations=1 (full 0):
 garbage-first heap   total 262144K, used 29309K [0x0000000701400000, 0x0000000800000000)
  region size 2048K, 14 young (28672K), 2 survivors (4096K)
 Metaspace       used 11393K, committed 11648K, reserved 1064960K
  class space    used 1361K, committed 1472K, reserved 1048576K
}
Event: 0.845 GC heap after
{Heap after GC invocations=2 (full 0):
 garbage-first heap   total 262144K, used 6499K [0x0000000701400000, 0x0000000800000000)
  region size 2048K, 1 young (2048K), 1 survivors (2048K)
 Metaspace       used 11393K, committed 11648K, reserved 1064960K
  class space    used 1361K, committed 1472K, reserved 1048576K
}

Deoptimization events (20 events):
Event: 1.484 Thread 0x000001d22c885a50 DEOPT PACKING pc=0x000001d2177d0b08 sp=0x00000050b4afce60
Event: 1.484 Thread 0x000001d22c885a50 DEOPT UNPACKING pc=0x000001d20fc5d72e sp=0x00000050b4afcb40 mode 2
Event: 1.484 Thread 0x000001d22c885a50 Uncommon trap: trap_request=0xffffffbe fr.pc=0x000001d2177dc430 relative=0x0000000000001c90
Event: 1.485 Thread 0x000001d22c885a50 Uncommon trap: reason=profile_predicate action=maybe_recompile pc=0x000001d2177dc430 method=jdk.internal.jimage.ImageStringsReader.charsFromByteBuffer([CLjava/nio/ByteBuffer;)V @ 6 c2
Event: 1.485 Thread 0x000001d22c885a50 DEOPT PACKING pc=0x000001d2177dc430 sp=0x00000050b4afcd80
Event: 1.485 Thread 0x000001d22c885a50 DEOPT UNPACKING pc=0x000001d20fc5d72e sp=0x00000050b4afcb28 mode 2
Event: 1.494 Thread 0x000001d22c885a50 DEOPT PACKING pc=0x000001d21052c924 sp=0x00000050b4afce70
Event: 1.494 Thread 0x000001d22c885a50 DEOPT UNPACKING pc=0x000001d20fc5dece sp=0x00000050b4afc3c8 mode 0
Event: 1.496 Thread 0x000001d22c885a50 Uncommon trap: trap_request=0xffffffde fr.pc=0x000001d2177f39a8 relative=0x0000000000000928
Event: 1.496 Thread 0x000001d22c885a50 Uncommon trap: reason=class_check action=maybe_recompile pc=0x000001d2177f39a8 method=org.springframework.util.ConcurrentReferenceHashMap$Segment.findInChain(Lorg/springframework/util/ConcurrentReferenceHashMap$Reference;Ljava/lang/Object;I)Lorg/springfra
Event: 1.496 Thread 0x000001d22c885a50 DEOPT PACKING pc=0x000001d2177f39a8 sp=0x00000050b4afdd10
Event: 1.496 Thread 0x000001d22c885a50 DEOPT UNPACKING pc=0x000001d20fc5d72e sp=0x00000050b4afdb48 mode 2
Event: 1.522 Thread 0x000001d22c885a50 Uncommon trap: trap_request=0xffffff45 fr.pc=0x000001d2177a8358 relative=0x0000000000005bd8
Event: 1.522 Thread 0x000001d22c885a50 Uncommon trap: reason=unstable_if action=reinterpret pc=0x000001d2177a8358 method=jdk.internal.org.objectweb.asm.SymbolTable.addType(Ljava/lang/String;)I @ 33 c2
Event: 1.522 Thread 0x000001d22c885a50 DEOPT PACKING pc=0x000001d2177a8358 sp=0x00000050b4afcc40
Event: 1.522 Thread 0x000001d22c885a50 DEOPT UNPACKING pc=0x000001d20fc5d72e sp=0x00000050b4afcb68 mode 2
Event: 1.530 Thread 0x000001d22c885a50 Uncommon trap: trap_request=0xffffff45 fr.pc=0x000001d2177f8c70 relative=0x0000000000000230
Event: 1.530 Thread 0x000001d22c885a50 Uncommon trap: reason=unstable_if action=reinterpret pc=0x000001d2177f8c70 method=org.springframework.beans.factory.support.AbstractBeanFactory.isFactoryBean(Ljava/lang/String;Lorg/springframework/beans/factory/support/RootBeanDefinition;)Z @ 38 c2
Event: 1.530 Thread 0x000001d22c885a50 DEOPT PACKING pc=0x000001d2177f8c70 sp=0x00000050b4afdc40
Event: 1.530 Thread 0x000001d22c885a50 DEOPT UNPACKING pc=0x000001d20fc5d72e sp=0x00000050b4afdc00 mode 2

Classes unloaded (0 events):
No events

Classes redefined (0 events):
No events

Internal exceptions (20 events):
Event: 0.943 Thread 0x000001d22c885a50 Exception <a 'java/lang/ClassNotFoundException'{0x0000000710a6ef50}: org/springframework/core/OrderedCustomizer> (0x0000000710a6ef50) 
thrown [t:\workspace\open\src\hotspot\share\classfile\systemDictionary.cpp, line 256]
Event: 0.943 Thread 0x000001d22c885a50 Exception <a 'java/lang/ClassNotFoundException'{0x0000000710a735f8}: org/springframework/context/ResourceLoaderAwareCustomizer> (0x0000000710a735f8) 
thrown [t:\workspace\open\src\hotspot\share\classfile\systemDictionary.cpp, line 256]
Event: 0.944 Thread 0x000001d22c885a50 Exception <a 'java/lang/ClassNotFoundException'{0x0000000710a77de8}: org/springframework/beans/factory/AwareCustomizer> (0x0000000710a77de8) 
thrown [t:\workspace\open\src\hotspot\share\classfile\systemDictionary.cpp, line 256]
Event: 0.944 Thread 0x000001d22c885a50 Exception <a 'java/lang/ClassNotFoundException'{0x0000000710a7b5b8}: org/springframework/context/ApplicationStartupAwareCustomizer> (0x0000000710a7b5b8) 
thrown [t:\workspace\open\src\hotspot\share\classfile\systemDictionary.cpp, line 256]
Event: 0.944 Thread 0x000001d22c885a50 Exception <a 'java/lang/ClassNotFoundException'{0x0000000710a80020}: org/springframework/beans/factory/AwareCustomizer> (0x0000000710a80020) 
thrown [t:\workspace\open\src\hotspot\share\classfile\systemDictionary.cpp, line 256]
Event: 0.944 Thread 0x000001d22c885a50 Exception <a 'java/lang/ClassNotFoundException'{0x0000000710a837b8}: org/springframework/beans/factory/BeanClassLoaderAwareCustomizer> (0x0000000710a837b8) 
thrown [t:\workspace\open\src\hotspot\share\classfile\systemDictionary.cpp, line 256]
Event: 0.945 Thread 0x000001d22c885a50 Exception <a 'java/lang/ClassNotFoundException'{0x0000000710a87fc0}: org/springframework/beans/factory/AwareCustomizer> (0x0000000710a87fc0) 
thrown [t:\workspace\open\src\hotspot\share\classfile\systemDictionary.cpp, line 256]
Event: 0.945 Thread 0x000001d22c885a50 Exception <a 'java/lang/ClassNotFoundException'{0x0000000710a8b578}: org/springframework/context/EnvironmentAwareCustomizer> (0x0000000710a8b578) 
thrown [t:\workspace\open\src\hotspot\share\classfile\systemDictionary.cpp, line 256]
Event: 0.945 Thread 0x000001d22c885a50 Exception <a 'java/lang/ClassNotFoundException'{0x0000000710a8fcf8}: org/springframework/beans/factory/AwareCustomizer> (0x0000000710a8fcf8) 
thrown [t:\workspace\open\src\hotspot\share\classfile\systemDictionary.cpp, line 256]
Event: 0.975 Thread 0x000001d22cb71960 Exception <a 'java/lang/NoSuchMethodError'{0x0000000710620c50}: 'long java.lang.invoke.DirectMethodHandle$Holder.invokeSpecial(java.lang.Object, java.lang.Object)'> (0x0000000710620c50) 
thrown [t:\workspace\open\src\hotspot\share\interpreter\linkResolver.cpp, line 790]
Event: 0.978 Thread 0x000001d22cb71960 Exception <a 'java/lang/NoSuchMethodError'{0x000000071062c0f0}: 'long java.lang.invoke.DirectMethodHandle$Holder.invokeStatic(java.lang.Object, java.lang.Object)'> (0x000000071062c0f0) 
thrown [t:\workspace\open\src\hotspot\share\interpreter\linkResolver.cpp, line 790]
Event: 0.978 Thread 0x000001d22cb71960 Exception <a 'java/lang/NoSuchMethodError'{0x000000071062f8d0}: 'long java.lang.invoke.DirectMethodHandle$Holder.invokeStaticInit(java.lang.Object, java.lang.Object)'> (0x000000071062f8d0) 
thrown [t:\workspace\open\src\hotspot\share\interpreter\linkResolver.cpp, line 790]
Event: 0.981 Thread 0x000001d22cb71960 Exception <a 'java/lang/NoSuchMethodError'{0x000000071063d7e8}: 'long java.lang.invoke.DirectMethodHandle$Holder.invokeInterface(java.lang.Object, java.lang.Object)'> (0x000000071063d7e8) 
thrown [t:\workspace\open\src\hotspot\share\interpreter\linkResolver.cpp, line 790]
Event: 0.981 Thread 0x000001d22cb71960 Exception <a 'java/lang/IncompatibleClassChangeError'{0x0000000710640f48}: Found class java.lang.Object, but interface was expected> (0x0000000710640f48) 
thrown [t:\workspace\open\src\hotspot\share\interpreter\linkResolver.cpp, line 857]
Event: 0.993 Thread 0x000001d22cb71960 Exception <a 'java/lang/NoSuchMethodError'{0x00000007107a5140}: 'java.lang.Object java.lang.invoke.DirectMethodHandle$Holder.invokeVirtual(java.lang.Object, java.lang.Object, java.lang.Object, java.lang.Object)'> (0x00000007107a5140) 
thrown [t:\workspace\open\src\hotspot\share\interpreter\linkResolver.cpp, line 790]
Event: 1.124 Thread 0x000001d22c885a50 Exception <a 'java/lang/IncompatibleClassChangeError'{0x00000007101ae830}: Found class java.lang.Object, but interface was expected> (0x00000007101ae830) 
thrown [t:\workspace\open\src\hotspot\share\interpreter\linkResolver.cpp, line 857]
Event: 1.156 Thread 0x000001d22c885a50 Exception <a 'java/lang/NoSuchMethodError'{0x000000070ff37d18}: 'void java.lang.invoke.DirectMethodHandle$Holder.invokeInterface(java.lang.Object, java.lang.Object, java.lang.Object, java.lang.Object)'> (0x000000070ff37d18) 
thrown [t:\workspace\open\src\hotspot\share\interpreter\linkResolver.cpp, line 790]
Event: 1.499 Thread 0x000001d22c885a50 Exception <a 'java/lang/NoSuchMethodError'{0x000000070e6d0f20}: 'java.lang.Object java.lang.invoke.DirectMethodHandle$Holder.invokeStatic(java.lang.Object, java.lang.Object, java.lang.Object, java.lang.Object, int)'> (0x000000070e6d0f20) 
thrown [t:\workspace\open\src\hotspot\share\interpreter\linkResolver.cpp, line 790]
Event: 1.681 Thread 0x000001d22c885a50 Exception <a 'java/lang/NoClassDefFoundError'{0x000000070de818e0}: org/flywaydb/core/Flyway> (0x000000070de818e0) 
thrown [t:\workspace\open\src\hotspot\share\classfile\systemDictionary.cpp, line 245]
Event: 1.681 Thread 0x000001d22c885a50 Exception <a 'java/lang/NoClassDefFoundError'{0x000000070de827c8}: liquibase/integration/spring/SpringLiquibase> (0x000000070de827c8) 
thrown [t:\workspace\open\src\hotspot\share\classfile\systemDictionary.cpp, line 245]

Events (20 events):
Event: 1.621 loading class java/util/concurrent/RunnableFuture done
Event: 1.621 loading class java/util/concurrent/FutureTask done
Event: 1.622 loading class java/util/concurrent/FutureTask$WaitNode
Event: 1.622 loading class java/util/concurrent/FutureTask$WaitNode done
Event: 1.633 loading class java/lang/ClassFormatError
Event: 1.633 loading class java/lang/ClassFormatError done
Event: 1.651 loading class java/util/WeakHashMap$EntrySet
Event: 1.651 loading class java/util/WeakHashMap$EntrySet done
Event: 1.651 loading class java/util/WeakHashMap$EntryIterator
Event: 1.651 loading class java/util/WeakHashMap$HashIterator
Event: 1.651 loading class java/util/WeakHashMap$HashIterator done
Event: 1.651 loading class java/util/WeakHashMap$EntryIterator done
Event: 1.661 loading class java/util/DualPivotQuicksort
Event: 1.661 loading class java/util/DualPivotQuicksort done
Event: 1.662 loading class java/util/LinkedList$ListItr
Event: 1.662 loading class java/util/LinkedList$ListItr done
Event: 1.667 loading class jdk/internal/reflect/UnsafeStaticObjectFieldAccessorImpl
Event: 1.667 loading class jdk/internal/reflect/UnsafeStaticObjectFieldAccessorImpl done
Event: 1.676 Executing  VM operation: ICBufferFull
Event: 1.676 Executing  VM operation: ICBufferFull done


Dynamic libraries:
0x00007ff6c54a0000 - 0x00007ff6c54b0000 	C:\Program Files\Java\jdk-16.0.1\bin\java.exe
0x00007ffc48c40000 - 0x00007ffc48e47000 	C:\WINDOWS\SYSTEM32\ntdll.dll
0x00007ffc482b0000 - 0x00007ffc4836d000 	C:\WINDOWS\System32\KERNEL32.DLL
0x00007ffc46330000 - 0x00007ffc466a4000 	C:\WINDOWS\System32\KERNELBASE.dll
0x00007ffc46770000 - 0x00007ffc46881000 	C:\WINDOWS\System32\ucrtbase.dll
0x00007ffc1dd20000 - 0x00007ffc1dd38000 	C:\Program Files\Java\jdk-16.0.1\bin\jli.dll
0x00007ffc1dc50000 - 0x00007ffc1dc69000 	C:\Program Files\Java\jdk-16.0.1\bin\VCRUNTIME140.dll
0x00007ffc46cb0000 - 0x00007ffc46d5c000 	C:\WINDOWS\System32\ADVAPI32.dll
0x00007ffc48ab0000 - 0x00007ffc48b53000 	C:\WINDOWS\System32\msvcrt.dll
0x00007ffc46c10000 - 0x00007ffc46cad000 	C:\WINDOWS\System32\sechost.dll
0x00007ffc46ae0000 - 0x00007ffc46c01000 	C:\WINDOWS\System32\RPCRT4.dll
0x00007ffc48420000 - 0x00007ffc485cc000 	C:\WINDOWS\System32\USER32.dll
0x00007ffc46910000 - 0x00007ffc46936000 	C:\WINDOWS\System32\win32u.dll
0x00007ffc26af0000 - 0x00007ffc26d95000 	C:\WINDOWS\WinSxS\amd64_microsoft.windows.common-controls_6595b64144ccf1df_6.0.22000.120_none_9d947278b86cc467\COMCTL32.dll
0x00007ffc48b70000 - 0x00007ffc48b99000 	C:\WINDOWS\System32\GDI32.dll
0x00007ffc46940000 - 0x00007ffc46a52000 	C:\WINDOWS\System32\gdi32full.dll
0x00007ffc46290000 - 0x00007ffc4632d000 	C:\WINDOWS\System32\msvcp_win.dll
0x00007ffc40200000 - 0x00007ffc4020a000 	C:\WINDOWS\SYSTEM32\VERSION.dll
0x00007ffc48140000 - 0x00007ffc48171000 	C:\WINDOWS\System32\IMM32.DLL
0x00007ffc35ba0000 - 0x00007ffc35bac000 	C:\Program Files\Java\jdk-16.0.1\bin\vcruntime140_1.dll
0x00007ffbed600000 - 0x00007ffbed691000 	C:\Program Files\Java\jdk-16.0.1\bin\msvcp140.dll
0x00007ffbbfc60000 - 0x00007ffbc080b000 	C:\Program Files\Java\jdk-16.0.1\bin\server\jvm.dll
0x00007ffc46ad0000 - 0x00007ffc46ad8000 	C:\WINDOWS\System32\PSAPI.DLL
0x00007ffc40290000 - 0x00007ffc40299000 	C:\WINDOWS\SYSTEM32\WSOCK32.dll
0x00007ffc40230000 - 0x00007ffc40263000 	C:\WINDOWS\SYSTEM32\WINMM.dll
0x00007ffc48860000 - 0x00007ffc488cf000 	C:\WINDOWS\System32\WS2_32.dll
0x00007ffc452f0000 - 0x00007ffc45308000 	C:\WINDOWS\SYSTEM32\kernel.appcore.dll
0x00007ffc35b80000 - 0x00007ffc35b8a000 	C:\Program Files\Java\jdk-16.0.1\bin\jimage.dll
0x00007ffc43c40000 - 0x00007ffc43e61000 	C:\WINDOWS\SYSTEM32\DBGHELP.DLL
0x00007ffc2f2d0000 - 0x00007ffc2f301000 	C:\WINDOWS\SYSTEM32\dbgcore.DLL
0x00007ffc46890000 - 0x00007ffc4690f000 	C:\WINDOWS\System32\bcryptPrimitives.dll
0x00007ffc1b9b0000 - 0x00007ffc1b9d5000 	C:\Program Files\Java\jdk-16.0.1\bin\java.dll
0x00007ffc47910000 - 0x00007ffc480be000 	C:\WINDOWS\System32\SHELL32.dll
0x00007ffc44140000 - 0x00007ffc449a7000 	C:\WINDOWS\SYSTEM32\windows.storage.dll
0x00007ffc471d0000 - 0x00007ffc47548000 	C:\WINDOWS\System32\combase.dll
0x00007ffc43fd0000 - 0x00007ffc44136000 	C:\WINDOWS\SYSTEM32\wintypes.dll
0x00007ffc47570000 - 0x00007ffc4765a000 	C:\WINDOWS\System32\SHCORE.dll
0x00007ffc48630000 - 0x00007ffc4868d000 	C:\WINDOWS\System32\shlwapi.dll
0x00007ffc46050000 - 0x00007ffc46071000 	C:\WINDOWS\SYSTEM32\profapi.dll
0x00007ffc17620000 - 0x00007ffc17639000 	C:\Program Files\Java\jdk-16.0.1\bin\net.dll
0x00007ffc3fe30000 - 0x00007ffc3ff3c000 	C:\WINDOWS\SYSTEM32\WINHTTP.dll
0x00007ffc45700000 - 0x00007ffc45767000 	C:\WINDOWS\system32\mswsock.dll
0x00007ffc16e30000 - 0x00007ffc16e43000 	C:\Program Files\Java\jdk-16.0.1\bin\nio.dll
0x00007ffc16090000 - 0x00007ffc160a8000 	C:\Program Files\Java\jdk-16.0.1\bin\zip.dll
0x00007ffc34ff0000 - 0x00007ffc35000000 	C:\Program Files\Java\jdk-16.0.1\bin\verify.dll
0x00007ffc31690000 - 0x00007ffc31699000 	C:\Program Files\Java\jdk-16.0.1\bin\management.dll
0x00007ffc31660000 - 0x00007ffc3166b000 	C:\Program Files\Java\jdk-16.0.1\bin\management_ext.dll
0x00007ffc29c00000 - 0x00007ffc29c17000 	C:\WINDOWS\system32\napinsp.dll
0x00007ffc29880000 - 0x00007ffc2989b000 	C:\WINDOWS\system32\pnrpnsp.dll
0x00007ffc44de0000 - 0x00007ffc44ec7000 	C:\WINDOWS\SYSTEM32\DNSAPI.dll
0x00007ffc44db0000 - 0x00007ffc44ddd000 	C:\WINDOWS\SYSTEM32\IPHLPAPI.DLL
0x00007ffc48130000 - 0x00007ffc48139000 	C:\WINDOWS\System32\NSI.dll
0x00007ffc29fb0000 - 0x00007ffc29fc2000 	C:\WINDOWS\System32\winrnr.dll
0x00007ffc29f90000 - 0x00007ffc29fa5000 	C:\WINDOWS\system32\wshbth.dll
0x00007ffc29f70000 - 0x00007ffc29f8f000 	C:\WINDOWS\system32\nlansp_c.dll
0x00007ffc3b300000 - 0x00007ffc3b30a000 	C:\Windows\System32\rasadhlp.dll
0x00007ffc3db80000 - 0x00007ffc3dc01000 	C:\WINDOWS\System32\fwpuclnt.dll

dbghelp: loaded successfully - version: 4.0.5 - missing functions: none
symbol engine: initialized successfully - sym options: 0x614 - pdb path: .;C:\Program Files\Java\jdk-16.0.1\bin;C:\WINDOWS\SYSTEM32;C:\WINDOWS\WinSxS\amd64_microsoft.windows.common-controls_6595b64144ccf1df_6.0.22000.120_none_9d947278b86cc467;C:\Program Files\Java\jdk-16.0.1\bin\server

VM Arguments:
jvm_args: -XX:+ShowCodeDetailsInExceptionMessages 
java_command: com.elib.reviews.ReviewsApplication
java_class_path (initial): D:\OneDrive\Desktop\reviews\target\classes;C:\Users\navni\.m2\repository\org\springframework\boot\spring-boot-starter-data-mongodb\2.5.8-SNAPSHOT\spring-boot-starter-data-mongodb-2.5.8-SNAPSHOT.jar;C:\Users\navni\.m2\repository\org\springframework\boot\spring-boot-starter\2.5.8-SNAPSHOT\spring-boot-starter-2.5.8-SNAPSHOT.jar;C:\Users\navni\.m2\repository\org\springframework\boot\spring-boot-starter-logging\2.5.8-SNAPSHOT\spring-boot-starter-logging-2.5.8-SNAPSHOT.jar;C:\Users\navni\.m2\repository\ch\qos\logback\logback-classic\1.2.7\logback-classic-1.2.7.jar;C:\Users\navni\.m2\repository\ch\qos\logback\logback-core\1.2.7\logback-core-1.2.7.jar;C:\Users\navni\.m2\repository\org\apache\logging\log4j\log4j-to-slf4j\2.14.1\log4j-to-slf4j-2.14.1.jar;C:\Users\navni\.m2\repository\org\apache\logging\log4j\log4j-api\2.14.1\log4j-api-2.14.1.jar;C:\Users\navni\.m2\repository\org\slf4j\jul-to-slf4j\1.7.32\jul-to-slf4j-1.7.32.jar;C:\Users\navni\.m2\repository\jakarta\annotation\jakarta.annotation-api\1.3.5\jakarta.annotation-api-1.3.5.jar;C:\Users\navni\.m2\repository\org\yaml\snakeyaml\1.28\snakeyaml-1.28.jar;C:\Users\navni\.m2\repository\org\mongodb\mongodb-driver-sync\4.2.3\mongodb-driver-sync-4.2.3.jar;C:\Users\navni\.m2\repository\org\mongodb\bson\4.2.3\bson-4.2.3.jar;C:\Users\navni\.m2\repository\org\mongodb\mongodb-driver-core\4.2.3\mongodb-driver-core-4.2.3.jar;C:\Users\navni\.m2\repository\org\springframework\data\spring-data-mongodb\3.2.7\spring-data-mongodb-3.2.7.jar;C:\Users\navni\.m2\repository\org\springframework\spring-tx\5.3.14-SNAPSHOT\spring-tx-5.3.14-SNAPSHOT.jar;C:\Users\navni\.m2\repository\org\springframework\spring-context\5.3.14-SNAPSHOT\spring-context-5.3.14-SNAPSHOT.jar;C:\Users\navni\.m2\repository\org\springframework\spring-beans\5.3.14-SNAPSHOT\spring-beans-5.3.14-SNAPSHOT.jar;C:\Users\navni\.m2\repository\org\springframework\spring-expression\5.3.14-SNAPSHOT\spring-expression-5.3.14-SNAPSHOT.jar;C:\Users\navni\.m2\repos
Launcher Type: SUN_STANDARD

[Global flags]
     intx CICompilerCount                          = 4                                         {product} {ergonomic}
     uint ConcGCThreads                            = 3                                         {product} {ergonomic}
     uint G1ConcRefinementThreads                  = 10                                        {product} {ergonomic}
   size_t G1HeapRegionSize                         = 2097152                                   {product} {ergonomic}
    uintx GCDrainStackTargetSize                   = 64                                        {product} {ergonomic}
   size_t InitialHeapSize                          = 268435456                                 {product} {ergonomic}
   size_t MarkStackSize                            = 4194304                                   {product} {ergonomic}
   size_t MaxHeapSize                              = 4273995776                                {product} {ergonomic}
   size_t MaxNewSize                               = 2562719744                                {product} {ergonomic}
   size_t MinHeapDeltaBytes                        = 2097152                                   {product} {ergonomic}
   size_t MinHeapSize                              = 8388608                                   {product} {ergonomic}
    uintx NonNMethodCodeHeapSize                   = 5839372                                {pd product} {ergonomic}
    uintx NonProfiledCodeHeapSize                  = 122909434                              {pd product} {ergonomic}
    uintx ProfiledCodeHeapSize                     = 122909434                              {pd product} {ergonomic}
    uintx ReservedCodeCacheSize                    = 251658240                              {pd product} {ergonomic}
     bool SegmentedCodeCache                       = true                                      {product} {ergonomic}
     bool ShowCodeDetailsInExceptionMessages       = true                                   {manageable} {command line}
   size_t SoftMaxHeapSize                          = 4273995776                             {manageable} {ergonomic}
     bool UseCompressedClassPointers               = true                           {product lp64_product} {ergonomic}
     bool UseCompressedOops                        = true                           {product lp64_product} {ergonomic}
     bool UseG1GC                                  = true                                      {product} {ergonomic}
     bool UseLargePagesIndividualAllocation        = false                                  {pd product} {ergonomic}

Logging:
Log output configuration:
 #0: stdout all=warning uptime,level,tags
 #1: stderr all=off uptime,level,tags

Environment Variables:
JAVA_HOME=C:\Program Files\Java\jdk-16.0.1
PATH=C:\Program Files (x86)\Common Files\Oracle\Java\javapath;C:\Program Files\Common Files\Oracle\Java\javapath;C:\Windows\system32;C:\Windows;C:\Windows\System32\Wbem;C:\Windows\System32\WindowsPowerShell\v1.0\;C:\Windows\System32\OpenSSH\;C:\Program Files (x86)\NVIDIA Corporation\PhysX\Common;C:\Program Files\NVIDIA Corporation\NVIDIA NvDLISR;C:\Program Files\Microsoft SQL Server\130\Tools\Binn\;C:\Program Files\Java\jdk-13\bin;D:\MATLAB\runtime\win64;D:\MATLAB\bin;C:\WINDOWS\system32;C:\WINDOWS;C:\WINDOWS\System32\Wbem;C:\WINDOWS\System32\WindowsPowerShell\v1.0\;C:\WINDOWS\System32\OpenSSH\;C:\Program Files\nodejs\;C:\Program Files\CodeBlocks\MinGW\bin;C:\Program Files\PuTTY\;C:\Program Files\Docker\Docker\resources\bin;C:\ProgramData\DockerDesktop\version-bin;C:\Users\navni\AppData\Local\Programs\Python\Python39\Scripts\;C:\Users\navni\AppData\Local\Programs\Python\Python39\;C:\Program Files\MySQL\MySQL Shell 8.0\bin\;C:\Users\navni\AppData\Local\Microsoft\WindowsApps;C:\Program Files\Java\jdk-13\bin;C:\Program Files\CodeBlocks\MinGW\bin;;C:\Users\navni\AppData\Local\Programs\Microsoft VS Code\bin;C:\Users\navni\AppData\Roaming\npm
USERNAME=navnith
LANG=en_US.UTF-8
OS=Windows_NT
PROCESSOR_IDENTIFIER=Intel64 Family 6 Model 158 Stepping 10, GenuineIntel



---------------  S Y S T E M  ---------------

OS:
 Windows 10 , 64 bit Build 22000 (10.0.22000.318)
OS uptime: 0 days 6:14 hours
Hyper-V role detected

CPU: total 12 (initial active 12) (6 cores per cpu, 2 threads per core) family 6 model 158 stepping 10 microcode 0xea, cx8, cmov, fxsr, ht, mmx, 3dnowpref, sse, sse2, sse3, ssse3, sse4.1, sse4.2, popcnt, lzcnt, tsc, tscinvbit, avx, avx2, aes, erms, clmul, bmi1, bmi2, adx, fma, vzeroupper, clflush, clflushopt, hv

Memory: 4k page, system-wide physical 16303M (2960M free)
TotalPageFile size 46668M (AvailPageFile size 6M)
current process WorkingSet (physical memory assigned to process): 152M, peak: 156M
current process commit charge ("private bytes"): 405M, peak: 409M

vm_info: Java HotSpot(TM) 64-Bit Server VM (16.0.1+9-24) for windows-amd64 JRE (16.0.1+9-24), built on Mar 26 2021 19:31:42 by "mach5one" with MS VC++ 16.7 (VS2019)

END.
